<?xml version="1.0" encoding="UTF-8"?>
<!-- Generated by org.testng.reporters.JUnitXMLReporter -->
<testsuite ignored="0" hostname="DESKTOP-VI4837A" failures="0" tests="3" name="Test" time="32.133" errors="0" timestamp="2024-04-14T22:22:37 EDT">
  <testcase classname="testcases.T02_loginpageValidation" name="loginpage" time="3.506"/>
  <testcase classname="testcases.T01_homepageValidation" name="homepage" time="0.976"/>
  <testcase classname="testcases.T03_registrationpageValidation" name="loginpage" time="5.563"/>
</testsuite> <!-- Test -->
